<?xml version="1.0" encoding="UTF-8"?>
<testng-results ignored="0" total="1" passed="1" failed="0" skipped="0">
  <reporter-output>
  </reporter-output>
  <suite started-at="2024-02-15T11:33:00 IST" name="Suite" finished-at="2024-02-15T11:33:08 IST" duration-ms="7753">
    <groups>
      <group name="regression">
        <method signature="Login_Testcase.login()[pri:0, instance:TestCases.Login_Testcase@496bc455]" name="login" class="TestCases.Login_Testcase"/>
      </group> <!-- regression -->
      <group name="master">
        <method signature="Login_Testcase.login()[pri:0, instance:TestCases.Login_Testcase@496bc455]" name="login" class="TestCases.Login_Testcase"/>
      </group> <!-- master -->
    </groups>
    <test started-at="2024-02-15T11:33:00 IST" name="chromeTest" finished-at="2024-02-15T11:33:08 IST" duration-ms="7753">
      <class name="TestCases.Login_Testcase">
        <test-method is-config="true" signature="setup(java.lang.String)[pri:0, instance:TestCases.Login_Testcase@496bc455]" started-at="2024-02-15T11:33:00 IST" name="setup" finished-at="2024-02-15T11:33:04 IST" duration-ms="3510" status="PASS">
          <params>
            <param index="0">
              <value>
                <![CDATA[chrome]]>
              </value>
            </param>
          </params>
          <reporter-output>
          </reporter-output>
        </test-method> <!-- setup -->
        <test-method signature="login()[pri:0, instance:TestCases.Login_Testcase@496bc455]" started-at="2024-02-15T11:33:04 IST" name="login" finished-at="2024-02-15T11:33:05 IST" duration-ms="944" status="PASS">
          <reporter-output>
          </reporter-output>
        </test-method> <!-- login -->
        <test-method is-config="true" signature="tearDown()[pri:0, instance:TestCases.Login_Testcase@496bc455]" started-at="2024-02-15T11:33:05 IST" name="tearDown" finished-at="2024-02-15T11:33:08 IST" duration-ms="3253" status="PASS">
          <reporter-output>
          </reporter-output>
        </test-method> <!-- tearDown -->
      </class> <!-- TestCases.Login_Testcase -->
    </test> <!-- chromeTest -->
  </suite> <!-- Suite -->
</testng-results>
